[36m2024/05/24 11:01:24,066[m [32m[INFO ][m [org.springframework.boot.StartupInfoLogger] [33m[main][m- Started BoardServerApplication in 1.688 seconds (process running for 2.166)
 -[36m2024/05/24 11:01:24,071[m [34m[DEBUG][m [org.springframework.boot.availability.ApplicationAvailabilityBean] [33m[main][m- Application availability state LivenessState changed to CORRECT
 -[36m2024/05/24 11:01:24,071[m [34m[DEBUG][m [org.springframework.boot.availability.ApplicationAvailabilityBean] [33m[main][m- Application availability state ReadinessState changed to ACCEPTING_TRAFFIC
 -[36m2024/05/24 11:02:11,066[m [32m[INFO ][m [org.apache.juli.logging.DirectJDKLog] [33m[http-nio-8080-exec-1][m- Initializing Spring DispatcherServlet 'dispatcherServlet'
 -[36m2024/05/24 11:02:11,067[m [32m[INFO ][m [org.springframework.web.servlet.FrameworkServlet] [33m[http-nio-8080-exec-1][m- Initializing Servlet 'dispatcherServlet'
 -[36m2024/05/24 11:02:11,067[m [34m[DEBUG][m [org.springframework.web.servlet.DispatcherServlet] [33m[http-nio-8080-exec-1][m- Detected StandardServletMultipartResolver
 -[36m2024/05/24 11:02:11,067[m [34m[DEBUG][m [org.springframework.web.servlet.DispatcherServlet] [33m[http-nio-8080-exec-1][m- Detected AcceptHeaderLocaleResolver
 -[36m2024/05/24 11:02:11,067[m [34m[DEBUG][m [org.springframework.web.servlet.DispatcherServlet] [33m[http-nio-8080-exec-1][m- Detected FixedThemeResolver
 -[36m2024/05/24 11:02:11,068[m [34m[DEBUG][m [org.springframework.web.servlet.DispatcherServlet] [33m[http-nio-8080-exec-1][m- Detected org.springframework.web.servlet.view.DefaultRequestToViewNameTranslator@16ce617
 -[36m2024/05/24 11:02:11,068[m [34m[DEBUG][m [org.springframework.web.servlet.DispatcherServlet] [33m[http-nio-8080-exec-1][m- Detected org.springframework.web.servlet.support.SessionFlashMapManager@71bc2093
 -[36m2024/05/24 11:02:11,068[m [34m[DEBUG][m [org.springframework.web.servlet.FrameworkServlet] [33m[http-nio-8080-exec-1][m- enableLoggingRequestDetails='false': request parameters and headers will be masked to prevent unsafe logging of potentially sensitive data
 -[36m2024/05/24 11:02:11,068[m [32m[INFO ][m [org.springframework.web.servlet.FrameworkServlet] [33m[http-nio-8080-exec-1][m- Completed initialization in 1 ms
 -[36m2024/05/24 11:02:11,074[m [34m[DEBUG][m [org.springframework.core.log.LogFormatUtils] [33m[http-nio-8080-exec-1][m- POST "/users/sign-in", parameters={}
 -[36m2024/05/24 11:02:11,079[m [34m[DEBUG][m [org.springframework.web.servlet.handler.AbstractHandlerMapping] [33m[http-nio-8080-exec-1][m- Mapped to com.fastcampus.boardserver.controller.UserController#login(UserLoginRequest, HttpSession)
 -[36m2024/05/24 11:02:11,112[m [34m[DEBUG][m [org.springframework.core.log.LogFormatUtils] [33m[http-nio-8080-exec-1][m- Read "application/json;charset=UTF-8" to [com.fastcampus.boardserver.dto.request.UserLoginRequest@3c516db2]
 -[36m2024/05/24 11:02:11,127[m [34m[DEBUG][m [org.springframework.web.servlet.mvc.method.annotation.ExceptionHandlerExceptionResolver] [33m[http-nio-8080-exec-1][m- Using @ExceptionHandler com.fastcampus.boardserver.exception.handler.CustomExceptionHandler#defaultException(Exception)
 -[36m2024/05/24 11:02:11,138[m [34m[DEBUG][m [org.springframework.web.servlet.mvc.method.annotation.AbstractMessageConverterMethodProcessor] [33m[http-nio-8080-exec-1][m- Using 'application/json', given [*/*] and supported [application/json, application/*+json, application/cbor]
 -[36m2024/05/24 11:02:11,139[m [34m[DEBUG][m [org.springframework.core.log.LogFormatUtils] [33m[http-nio-8080-exec-1][m- Writing [com.fastcampus.boardserver.dto.response.CommonResponse@41300d56]
 -[36m2024/05/24 11:02:11,144[m [34m[DEBUG][m [org.springframework.web.servlet.handler.AbstractHandlerExceptionResolver] [33m[http-nio-8080-exec-1][m- Resolved [jakarta.servlet.ServletException: Handler dispatch failed: java.lang.NoSuchMethodError: 'java.util.Map jakarta.servlet.SessionCookieConfig.getAttributes()']
 -[36m2024/05/24 11:02:11,144[m [34m[DEBUG][m [org.springframework.web.servlet.FrameworkServlet] [33m[http-nio-8080-exec-1][m- Completed 200 OK
 -[36m2024/05/24 11:03:50,624[m [34m[DEBUG][m [org.springframework.core.log.LogFormatUtils] [33m[http-nio-8080-exec-3][m- POST "/create-topic?topicName=notify3", parameters={masked}
 -[36m2024/05/24 11:03:50,625[m [34m[DEBUG][m [org.springframework.web.servlet.handler.AbstractHandlerMapping] [33m[http-nio-8080-exec-3][m- Mapped to com.fastcampus.boardserver.controller.SnsController#createTopic(String)
 -[36m2024/05/24 11:03:51,033[m [32m[INFO ][m [com.fastcampus.boardserver.controller.SnsController] [33m[http-nio-8080-exec-3][m- topic name = arn:aws:sns:ap-northeast-2:851725211829:notify3
 -[36m2024/05/24 11:03:51,049[m [32m[INFO ][m [com.fastcampus.boardserver.controller.SnsController] [33m[http-nio-8080-exec-3][m- topic list = ListTopicsResponse(Topics=[Topic(TopicArn=arn:aws:sns:ap-northeast-2:851725211829:notify3), Topic(TopicArn=arn:aws:sns:ap-northeast-2:851725211829:testfastcampus)])
 -[36m2024/05/24 11:03:51,051[m [34m[DEBUG][m [org.springframework.web.servlet.mvc.method.annotation.AbstractMessageConverterMethodProcessor] [33m[http-nio-8080-exec-3][m- Using 'text/plain', given [*/*] and supported [text/plain, */*, application/json, application/*+json, application/cbor]
 -[36m2024/05/24 11:03:51,052[m [34m[DEBUG][m [org.springframework.core.log.LogFormatUtils] [33m[http-nio-8080-exec-3][m- Writing ["TOPIC CREATING SUCCESS"]
 -[36m2024/05/24 11:03:51,052[m [34m[DEBUG][m [org.springframework.web.servlet.FrameworkServlet] [33m[http-nio-8080-exec-3][m- Completed 200 OK
 -[36m2024/05/24 11:09:44,306[m [34m[DEBUG][m [org.springframework.core.log.LogFormatUtils] [33m[http-nio-8080-exec-5][m- POST "/subscribe?endpoint=https%3A%2F%2Fwebhook.site%2Fac947bbf-5397-4bec-a14d-80157cffd467&topicArn=arn%3Aaws%3Asns%3Aap-northeast-2%3A851725211829%3Anotify3", parameters={masked}
 -[36m2024/05/24 11:09:44,309[m [34m[DEBUG][m [org.springframework.web.servlet.handler.AbstractHandlerMapping] [33m[http-nio-8080-exec-5][m- Mapped to com.fastcampus.boardserver.controller.SnsController#subscribe(String, String)
 -[36m2024/05/24 11:09:44,681[m [32m[INFO ][m [com.fastcampus.boardserver.controller.SnsController] [33m[http-nio-8080-exec-5][m- topicARN to subscribe = pending confirmation
 -[36m2024/05/24 11:09:44,714[m [32m[INFO ][m [com.fastcampus.boardserver.controller.SnsController] [33m[http-nio-8080-exec-5][m- subscription list = ListSubscriptionsResponse(Subscriptions=[Subscription(SubscriptionArn=PendingConfirmation, Owner=851725211829, Protocol=https, Endpoint=https://webhook.site/ac947bbf-5397-4bec-a14d-80157cffd467, TopicArn=arn:aws:sns:ap-northeast-2:851725211829:notify3)], NextToken=AAHpCgSZvbADOMnFnjstrAQgq9benHkJ6LKl6622jjDBiQ==)
 -[36m2024/05/24 11:09:44,715[m [34m[DEBUG][m [org.springframework.web.servlet.mvc.method.annotation.AbstractMessageConverterMethodProcessor] [33m[http-nio-8080-exec-5][m- Using 'text/plain', given [*/*] and supported [text/plain, */*, application/json, application/*+json, application/cbor]
 -[36m2024/05/24 11:09:44,715[m [34m[DEBUG][m [org.springframework.core.log.LogFormatUtils] [33m[http-nio-8080-exec-5][m- Writing ["TOPIC SUBSCRIBE SUCCESS"]
 -[36m2024/05/24 11:09:44,715[m [34m[DEBUG][m [org.springframework.web.servlet.FrameworkServlet] [33m[http-nio-8080-exec-5][m- Completed 200 OK
 -[36m2024/05/24 11:12:48,678[m [34m[DEBUG][m [org.springframework.core.log.LogFormatUtils] [33m[http-nio-8080-exec-7][m- POST "/publish?topicArn=arn%3Aaws%3Asns%3Aap-northeast-2%3A851725211829%3Anotify3", parameters={masked}
 -[36m2024/05/24 11:12:48,678[m [34m[DEBUG][m [org.springframework.web.servlet.handler.AbstractHandlerMapping] [33m[http-nio-8080-exec-7][m- Mapped to com.fastcampus.boardserver.controller.SnsController#publish(String, Map)
 -[36m2024/05/24 11:12:48,686[m [34m[DEBUG][m [org.springframework.core.log.LogFormatUtils] [33m[http-nio-8080-exec-7][m- Read "application/json;charset=UTF-8" to [{message=모니터링을 위한 알림입니다 noti3, number=1}]
 -[36m2024/05/24 11:12:48,758[m [32m[INFO ][m [com.fastcampus.boardserver.controller.SnsController] [33m[http-nio-8080-exec-7][m- message status:200
 -[36m2024/05/24 11:12:48,759[m [34m[DEBUG][m [org.springframework.web.servlet.mvc.method.annotation.AbstractMessageConverterMethodProcessor] [33m[http-nio-8080-exec-7][m- Using 'text/plain', given [*/*] and supported [text/plain, */*, application/json, application/*+json, application/cbor]
 -[36m2024/05/24 11:12:48,759[m [34m[DEBUG][m [org.springframework.core.log.LogFormatUtils] [33m[http-nio-8080-exec-7][m- Writing ["sent MSG ID = c2a5271d-2854-5485-9207-79d4d1b48320"]
 -[36m2024/05/24 11:12:48,760[m [34m[DEBUG][m [org.springframework.web.servlet.FrameworkServlet] [33m[http-nio-8080-exec-7][m- Completed 200 OK
 -[36m2024/05/24 13:47:25,861[m [34m[DEBUG][m [org.springframework.core.log.LogFormatUtils] [33m[http-nio-8080-exec-9][m- GET "/swagger-ui/index.html", parameters={}
 -[36m2024/05/24 13:47:25,878[m [34m[DEBUG][m [org.springframework.web.servlet.handler.AbstractHandlerMapping] [33m[http-nio-8080-exec-9][m- Mapped to ResourceHttpRequestHandler [classpath [META-INF/resources/], classpath [resources/], classpath [static/], classpath [public/], ServletContext [/]]
 -[36m2024/05/24 13:47:25,884[m [34m[DEBUG][m [org.springframework.web.servlet.resource.ResourceHttpRequestHandler] [33m[http-nio-8080-exec-9][m- Resource not found
 -[36m2024/05/24 13:47:25,885[m [34m[DEBUG][m [org.springframework.web.servlet.FrameworkServlet] [33m[http-nio-8080-exec-9][m- Completed 404 NOT_FOUND
 -[36m2024/05/24 13:47:25,898[m [34m[DEBUG][m [org.springframework.core.log.LogFormatUtils] [33m[http-nio-8080-exec-9][m- "ERROR" dispatch for GET "/error", parameters={}
 -[36m2024/05/24 13:47:25,900[m [34m[DEBUG][m [org.springframework.web.servlet.handler.AbstractHandlerMapping] [33m[http-nio-8080-exec-9][m- Mapped to org.springframework.boot.autoconfigure.web.servlet.error.BasicErrorController#errorHtml(HttpServletRequest, HttpServletResponse)
 -[36m2024/05/24 13:47:25,917[m [34m[DEBUG][m [org.springframework.web.servlet.view.ContentNegotiatingViewResolver] [33m[http-nio-8080-exec-9][m- Selected 'text/html' given [text/html, text/html;q=0.8]
 -[36m2024/05/24 13:47:25,922[m [34m[DEBUG][m [org.springframework.web.servlet.FrameworkServlet] [33m[http-nio-8080-exec-9][m- Exiting from "ERROR" dispatch, status 404
 -[36m2024/05/24 13:47:26,009[m [34m[DEBUG][m [org.springframework.core.log.LogFormatUtils] [33m[http-nio-8080-exec-10][m- GET "/favicon.ico", parameters={}
 -[36m2024/05/24 13:47:26,010[m [34m[DEBUG][m [org.springframework.web.servlet.handler.AbstractHandlerMapping] [33m[http-nio-8080-exec-10][m- Mapped to ResourceHttpRequestHandler [classpath [META-INF/resources/], classpath [resources/], classpath [static/], classpath [public/], ServletContext [/]]
 -[36m2024/05/24 13:47:26,010[m [34m[DEBUG][m [org.springframework.web.servlet.resource.ResourceHttpRequestHandler] [33m[http-nio-8080-exec-10][m- Resource not found
 -[36m2024/05/24 13:47:26,010[m [34m[DEBUG][m [org.springframework.web.servlet.FrameworkServlet] [33m[http-nio-8080-exec-10][m- Completed 404 NOT_FOUND
 -[36m2024/05/24 13:47:26,011[m [34m[DEBUG][m [org.springframework.core.log.LogFormatUtils] [33m[http-nio-8080-exec-10][m- "ERROR" dispatch for GET "/error", parameters={}
 -[36m2024/05/24 13:47:26,011[m [34m[DEBUG][m [org.springframework.web.servlet.handler.AbstractHandlerMapping] [33m[http-nio-8080-exec-10][m- Mapped to org.springframework.boot.autoconfigure.web.servlet.error.BasicErrorController#error(HttpServletRequest)
 -[36m2024/05/24 13:47:26,014[m [34m[DEBUG][m [org.springframework.web.servlet.mvc.method.annotation.AbstractMessageConverterMethodProcessor] [33m[http-nio-8080-exec-10][m- Using 'application/json;q=0.8', given [image/avif, image/webp, image/apng, image/svg+xml, image/*, */*;q=0.8] and supported [application/json, application/*+json, application/cbor]
 -[36m2024/05/24 13:47:26,015[m [34m[DEBUG][m [org.springframework.core.log.LogFormatUtils] [33m[http-nio-8080-exec-10][m- Writing [{timestamp=Fri May 24 13:47:26 KST 2024, status=404, error=Not Found, path=/favicon.ico}]
 -[36m2024/05/24 13:47:26,022[m [34m[DEBUG][m [org.springframework.web.servlet.FrameworkServlet] [33m[http-nio-8080-exec-10][m- Exiting from "ERROR" dispatch, status 404
 -[36m2024/05/24 13:47:31,867[m [34m[DEBUG][m [org.springframework.core.log.LogFormatUtils] [33m[http-nio-8080-exec-1][m- GET "/", parameters={}
 -[36m2024/05/24 13:47:31,868[m [34m[DEBUG][m [org.springframework.web.servlet.handler.AbstractHandlerMapping] [33m[http-nio-8080-exec-1][m- Mapped to ResourceHttpRequestHandler [classpath [META-INF/resources/], classpath [resources/], classpath [static/], classpath [public/], ServletContext [/]]
 -[36m2024/05/24 13:47:31,869[m [34m[DEBUG][m [org.springframework.web.servlet.resource.ResourceHttpRequestHandler] [33m[http-nio-8080-exec-1][m- Resource not found
 -[36m2024/05/24 13:47:31,869[m [34m[DEBUG][m [org.springframework.web.servlet.FrameworkServlet] [33m[http-nio-8080-exec-1][m- Completed 404 NOT_FOUND
 -[36m2024/05/24 13:47:31,869[m [34m[DEBUG][m [org.springframework.core.log.LogFormatUtils] [33m[http-nio-8080-exec-1][m- "ERROR" dispatch for GET "/error", parameters={}
 -[36m2024/05/24 13:47:31,870[m [34m[DEBUG][m [org.springframework.web.servlet.handler.AbstractHandlerMapping] [33m[http-nio-8080-exec-1][m- Mapped to org.springframework.boot.autoconfigure.web.servlet.error.BasicErrorController#errorHtml(HttpServletRequest, HttpServletResponse)
 -[36m2024/05/24 13:47:31,871[m [34m[DEBUG][m [org.springframework.web.servlet.view.ContentNegotiatingViewResolver] [33m[http-nio-8080-exec-1][m- Selected 'text/html' given [text/html, text/html;q=0.8]
 -[36m2024/05/24 13:47:31,871[m [34m[DEBUG][m [org.springframework.web.servlet.FrameworkServlet] [33m[http-nio-8080-exec-1][m- Exiting from "ERROR" dispatch, status 404
 -[36m2024/05/24 13:47:35,504[m [34m[DEBUG][m [org.springframework.core.log.LogFormatUtils] [33m[http-nio-8080-exec-2][m- GET "/", parameters={}
 -[36m2024/05/24 13:47:35,505[m [34m[DEBUG][m [org.springframework.web.servlet.handler.AbstractHandlerMapping] [33m[http-nio-8080-exec-2][m- Mapped to ResourceHttpRequestHandler [classpath [META-INF/resources/], classpath [resources/], classpath [static/], classpath [public/], ServletContext [/]]
 -[36m2024/05/24 13:47:35,505[m [34m[DEBUG][m [org.springframework.web.servlet.resource.ResourceHttpRequestHandler] [33m[http-nio-8080-exec-2][m- Resource not found
 -[36m2024/05/24 13:47:35,505[m [34m[DEBUG][m [org.springframework.web.servlet.FrameworkServlet] [33m[http-nio-8080-exec-2][m- Completed 404 NOT_FOUND
 -[36m2024/05/24 13:47:35,506[m [34m[DEBUG][m [org.springframework.core.log.LogFormatUtils] [33m[http-nio-8080-exec-2][m- "ERROR" dispatch for GET "/error", parameters={}
 -[36m2024/05/24 13:47:35,506[m [34m[DEBUG][m [org.springframework.web.servlet.handler.AbstractHandlerMapping] [33m[http-nio-8080-exec-2][m- Mapped to org.springframework.boot.autoconfigure.web.servlet.error.BasicErrorController#errorHtml(HttpServletRequest, HttpServletResponse)
 -[36m2024/05/24 13:47:35,507[m [34m[DEBUG][m [org.springframework.web.servlet.view.ContentNegotiatingViewResolver] [33m[http-nio-8080-exec-2][m- Selected 'text/html' given [text/html, text/html;q=0.8]
 -[36m2024/05/24 13:47:35,508[m [34m[DEBUG][m [org.springframework.web.servlet.FrameworkServlet] [33m[http-nio-8080-exec-2][m- Exiting from "ERROR" dispatch, status 404
 -[36m2024/05/24 13:48:43,882[m [34m[DEBUG][m [org.springframework.core.log.LogFormatUtils] [33m[http-nio-8080-exec-7][m- GET "/", parameters={}
 -[36m2024/05/24 13:48:43,884[m [34m[DEBUG][m [org.springframework.web.servlet.handler.AbstractHandlerMapping] [33m[http-nio-8080-exec-7][m- Mapped to ResourceHttpRequestHandler [classpath [META-INF/resources/], classpath [resources/], classpath [static/], classpath [public/], ServletContext [/]]
 -[36m2024/05/24 13:48:43,884[m [34m[DEBUG][m [org.springframework.web.servlet.resource.ResourceHttpRequestHandler] [33m[http-nio-8080-exec-7][m- Resource not found
 -[36m2024/05/24 13:48:43,884[m [34m[DEBUG][m [org.springframework.web.servlet.FrameworkServlet] [33m[http-nio-8080-exec-7][m- Completed 404 NOT_FOUND
 -[36m2024/05/24 13:48:43,885[m [34m[DEBUG][m [org.springframework.core.log.LogFormatUtils] [33m[http-nio-8080-exec-7][m- "ERROR" dispatch for GET "/error", parameters={}
 -[36m2024/05/24 13:48:43,885[m [34m[DEBUG][m [org.springframework.web.servlet.handler.AbstractHandlerMapping] [33m[http-nio-8080-exec-7][m- Mapped to org.springframework.boot.autoconfigure.web.servlet.error.BasicErrorController#errorHtml(HttpServletRequest, HttpServletResponse)
 -[36m2024/05/24 13:48:43,889[m [34m[DEBUG][m [org.springframework.web.servlet.view.ContentNegotiatingViewResolver] [33m[http-nio-8080-exec-7][m- Selected 'text/html' given [text/html, text/html;q=0.8]
 -[36m2024/05/24 13:48:43,890[m [34m[DEBUG][m [org.springframework.web.servlet.FrameworkServlet] [33m[http-nio-8080-exec-7][m- Exiting from "ERROR" dispatch, status 404
 -[36m2024/05/24 13:48:52,078[m [34m[DEBUG][m [org.springframework.boot.availability.ApplicationAvailabilityBean] [33m[SpringApplicationShutdownHook][m- Application availability state ReadinessState changed from ACCEPTING_TRAFFIC to REFUSING_TRAFFIC
 -[36m2024/05/24 13:48:52,078[m [34m[DEBUG][m [org.springframework.context.support.AbstractApplicationContext] [33m[SpringApplicationShutdownHook][m- Closing org.springframework.boot.web.servlet.context.AnnotationConfigServletWebServerApplicationContext@181d7f28, started on Fri May 24 11:01:22 KST 2024
 -[36m2024/05/24 13:48:52,080[m [34m[DEBUG][m [org.springframework.context.support.DefaultLifecycleProcessor$LifecycleGroup] [33m[SpringApplicationShutdownHook][m- Stopping beans in phase 2147482623
 -[36m2024/05/24 13:48:52,081[m [34m[DEBUG][m [org.springframework.context.support.DefaultLifecycleProcessor] [33m[SpringApplicationShutdownHook][m- Bean 'webServerGracefulShutdown' completed its stop procedure
 -[36m2024/05/24 13:48:52,081[m [34m[DEBUG][m [org.springframework.context.support.DefaultLifecycleProcessor$LifecycleGroup] [33m[SpringApplicationShutdownHook][m- Stopping beans in phase 2147481599
 -[36m2024/05/24 13:48:52,090[m [34m[DEBUG][m [org.springframework.context.support.DefaultLifecycleProcessor] [33m[SpringApplicationShutdownHook][m- Bean 'webServerStartStop' completed its stop procedure
 -[36m2024/05/24 13:48:52,090[m [34m[DEBUG][m [org.springframework.context.support.DefaultLifecycleProcessor$LifecycleGroup] [33m[SpringApplicationShutdownHook][m- Stopping beans in phase -2147483647
 -[36m2024/05/24 13:48:52,091[m [34m[DEBUG][m [org.springframework.context.support.DefaultLifecycleProcessor] [33m[SpringApplicationShutdownHook][m- Bean 'springBootLoggingLifecycle' completed its stop procedure
 -[36m2024/05/24 13:48:52,097[m [34m[DEBUG][m [org.springframework.jmx.export.MBeanExporter] [33m[SpringApplicationShutdownHook][m- Unregistering JMX-exposed beans on shutdown
 -[36m2024/05/24 13:48:52,098[m [34m[DEBUG][m [org.springframework.jmx.support.MBeanRegistrationSupport] [33m[SpringApplicationShutdownHook][m- Unregistering JMX-exposed beans
 -[36m2024/05/24 13:48:52,098[m [34m[DEBUG][m [org.springframework.scheduling.concurrent.ExecutorConfigurationSupport] [33m[SpringApplicationShutdownHook][m- Shutting down ExecutorService 'applicationTaskExecutor'
 -